<?xml version="1.0" encoding="utf-8"?><testsuites name="pytest tests"><testsuite name="pytest" errors="0" failures="0" skipped="0" tests="28" time="8.373" timestamp="2026-05-27T12:47:22.307094+00:00" hostname="agent-env-0959f6c5-bbc7-4a86-9907-7b9ae84ce99e"><testcase classname="backend.tests.test_iteration2.TestQuizzes" name="test_create_quiz_educator" time="0.750" /><testcase classname="backend.tests.test_iteration2.TestQuizzes" name="test_create_quiz_other_educator_forbidden" time="0.431" /><testcase classname="backend.tests.test_iteration2.TestQuizzes" name="test_create_quiz_student_forbidden" time="0.445" /><testcase classname="backend.tests.test_iteration2.TestQuizzes" name="test_overwrite_same_lesson" time="0.233" /><testcase classname="backend.tests.test_iteration2.TestQuizzes" name="test_student_get_quiz_hides_answers" time="0.135" /><testcase classname="backend.tests.test_iteration2.TestQuizzes" name="test_educator_owner_sees_answers" time="0.110" /><testcase classname="backend.tests.test_iteration2.TestQuizzes" name="test_submit_quiz_all_correct" time="0.279" /><testcase classname="backend.tests.test_iteration2.TestQuizzes" name="test_submit_multi_partial_is_wrong" time="0.271" /><testcase classname="backend.tests.test_iteration2.TestQuizzes" name="test_submit_multi_with_extra_wrong" time="0.242" /><testcase classname="backend.tests.test_iteration2.TestQuizzes" name="test_attempts_list" time="0.235" /><testcase classname="backend.tests.test_iteration2.TestCertificates" name="test_my_certs_alex" time="0.110" /><testcase classname="backend.tests.test_iteration2.TestCertificates" name="test_generate_cert_incomplete_enrollment_returns_400" time="0.557" /><testcase classname="backend.tests.test_iteration2.TestCertificates" name="test_verify_cert_public" time="0.221" /><testcase classname="backend.tests.test_iteration2.TestCertificates" name="test_verify_cert_bad" time="0.108" /><testcase classname="backend.tests.test_iteration2.TestCertificates" name="test_download_cert_pdf" time="0.271" /><testcase classname="backend.tests.test_iteration2.TestCertificates" name="test_idempotent_generate" time="0.352" /><testcase classname="backend.tests.test_iteration2.TestDiscussions" name="test_create_thread_and_list" time="1.229" /><testcase classname="backend.tests.test_iteration2.TestAnnouncements" name="test_educator_creates_for_own_course" time="0.243" /><testcase classname="backend.tests.test_iteration2.TestAnnouncements" name="test_educator_cannot_platform_wide" time="0.108" /><testcase classname="backend.tests.test_iteration2.TestAnnouncements" name="test_admin_platform_wide" time="0.439" /><testcase classname="backend.tests.test_iteration2.TestNotifications" name="test_list_and_mark_all" time="0.315" /><testcase classname="backend.tests.test_iteration2.TestSettings" name="test_admin_crud" time="0.460" /><testcase classname="backend.tests.test_iteration2.TestSettings" name="test_settings_non_admin_forbidden" time="0.104" /><testcase classname="backend.tests.test_iteration2.TestEarningsReports" name="test_educator_earnings" time="0.103" /><testcase classname="backend.tests.test_iteration2.TestEarningsReports" name="test_admin_reports" time="0.127" /><testcase classname="backend.tests.test_iteration2.TestReviewsList" name="test_reviews_by_slug" time="0.165" /><testcase classname="backend.tests.test_iteration2.TestInstructors" name="test_instructors_list" time="0.107" /><testcase classname="backend.tests.test_iteration2.TestInstructors" name="test_instructor_profile" time="0.112" /></testsuite></testsuites>