<?xml version="1.0" encoding="utf-8"?><testsuites name="pytest tests"><testsuite name="pytest" errors="0" failures="0" skipped="1" tests="22" time="5.656" timestamp="2026-05-27T13:06:24.389712+00:00" hostname="agent-env-0959f6c5-bbc7-4a86-9907-7b9ae84ce99e"><testcase classname="backend.tests.test_iteration3.TestSocketIOHandshake" name="test_handshake_polling" time="0.131" /><testcase classname="backend.tests.test_iteration3.TestAssignmentCreate" name="test_create_assignment_as_owner" time="0.673" /><testcase classname="backend.tests.test_iteration3.TestAssignmentCreate" name="test_upsert_same_lesson" time="0.109" /><testcase classname="backend.tests.test_iteration3.TestAssignmentCreate" name="test_non_owner_educator_rejected" time="0.437" /><testcase classname="backend.tests.test_iteration3.TestAssignmentCreate" name="test_student_cannot_create" time="0.442" /><testcase classname="backend.tests.test_iteration3.TestAssignmentCreate" name="test_lesson_type_marked_assignment" time="0.113" /><testcase classname="backend.tests.test_iteration3.TestAssignmentCreate" name="test_get_assignment_for_lesson" time="0.106" /><testcase classname="backend.tests.test_iteration3.TestAssignmentCreate" name="test_get_assignment_student_my_submission_field" time="0.106" /><testcase classname="backend.tests.test_iteration3.TestFiles" name="test_upload_requires_auth" time="0.114" /><testcase classname="backend.tests.test_iteration3.TestFiles" name="test_upload_and_download_roundtrip" time="0.499" /><testcase classname="backend.tests.test_iteration3.TestFiles" name="test_upload_size_limit_enforced_concept" time="0.323" /><testcase classname="backend.tests.test_iteration3.TestSubmitAndGrade" name="test_submit_requires_enrollment" time="0.556" /><testcase classname="backend.tests.test_iteration3.TestSubmitAndGrade" name="test_submit_alex" time="0.124" /><testcase classname="backend.tests.test_iteration3.TestSubmitAndGrade" name="test_submit_idempotent_upsert" time="0.120" /><testcase classname="backend.tests.test_iteration3.TestSubmitAndGrade" name="test_list_submissions_owner" time="0.133" /><testcase classname="backend.tests.test_iteration3.TestSubmitAndGrade" name="test_list_submissions_non_owner_forbidden" time="0.104" /><testcase classname="backend.tests.test_iteration3.TestSubmitAndGrade" name="test_list_submissions_student_forbidden" time="0.106" /><testcase classname="backend.tests.test_iteration3.TestSubmitAndGrade" name="test_grade_submission_creates_notification" time="0.601" /><testcase classname="backend.tests.test_iteration3.TestSubmitAndGrade" name="test_grade_clamps_to_max_score" time="0.133" /><testcase classname="backend.tests.test_iteration3.TestEmailMocked" name="test_register_does_not_500" time="0.333" /><testcase classname="backend.tests.test_iteration3.TestEmailMocked" name="test_forgot_password_does_not_500" time="0.168" /><testcase classname="backend.tests.test_iteration3.TestEmailMocked" name="test_enroll_free_course_does_not_500" time="0.126"><skipped type="pytest.skip" message="no free published course to enroll in">/app/backend/tests/test_iteration3.py:347: no free published course to enroll in</skipped></testcase></testsuite></testsuites>