<?xml version="1.0" encoding="utf-8"?><testsuites name="pytest tests"><testsuite name="pytest" errors="0" failures="2" skipped="0" tests="44" time="17.017" timestamp="2026-05-27T08:04:04.134334+00:00" hostname="agent-env-0959f6c5-bbc7-4a86-9907-7b9ae84ce99e"><testcase classname="backend.tests.backend_test.TestAuth" name="test_login_admin" time="0.491" /><testcase classname="backend.tests.backend_test.TestAuth" name="test_login_educator" time="0.328" /><testcase classname="backend.tests.backend_test.TestAuth" name="test_login_student" time="0.322" /><testcase classname="backend.tests.backend_test.TestAuth" name="test_login_invalid" time="0.325" /><testcase classname="backend.tests.backend_test.TestAuth" name="test_me_with_bearer" time="0.435" /><testcase classname="backend.tests.backend_test.TestAuth" name="test_me_with_cookie" time="0.380" /><testcase classname="backend.tests.backend_test.TestAuth" name="test_me_unauthenticated" time="0.114" /><testcase classname="backend.tests.backend_test.TestAuth" name="test_logout" time="0.377" /><testcase classname="backend.tests.backend_test.TestAuth" name="test_refresh" time="0.404" /><testcase classname="backend.tests.backend_test.TestAuth" name="test_register_new_student" time="0.327"><failure message="AssertionError: assert 'test_7d9f06e4@example.com' == 'TEST_7d9f06e4@example.com'&#10;  &#10;  - TEST_7d9f06e4@example.com&#10;  ? ^^^^&#10;  + test_7d9f06e4@example.com&#10;  ? ^^^^">backend/tests/backend_test.py:94: in test_register_new_student
    assert r.json()["data"]["email"] == email
E   AssertionError: assert 'test_7d9f06e4@example.com' == 'TEST_7d9f06e4@example.com'
E     
E     - TEST_7d9f06e4@example.com
E     ? ^^^^
E     + test_7d9f06e4@example.com
E     ? ^^^^</failure></testcase><testcase classname="backend.tests.backend_test.TestAuth" name="test_register_duplicate" time="0.099" /><testcase classname="backend.tests.backend_test.TestAuth" name="test_bcrypt_format" time="0.327" /><testcase classname="backend.tests.backend_test.TestAuth" name="test_brute_force_lockout" time="2.334"><failure message="AssertionError: Expected lockout 429, got 401; prior codes=[401, 401, 401, 401, 401]&#10;assert 401 == 429&#10; +  where 401 = &lt;Response [401]&gt;.status_code">backend/tests/backend_test.py:125: in test_brute_force_lockout
    assert r6.status_code == 429, f"Expected lockout 429, got {r6.status_code}; prior codes={codes}"
E   AssertionError: Expected lockout 429, got 401; prior codes=[401, 401, 401, 401, 401]
E   assert 401 == 429
E    +  where 401 = &lt;Response [401]&gt;.status_code</failure></testcase><testcase classname="backend.tests.backend_test.TestCategories" name="test_list" time="0.101" /><testcase classname="backend.tests.backend_test.TestCourses" name="test_list_courses" time="0.105" /><testcase classname="backend.tests.backend_test.TestCourses" name="test_filter_category" time="0.209" /><testcase classname="backend.tests.backend_test.TestCourses" name="test_filter_level" time="0.105" /><testcase classname="backend.tests.backend_test.TestCourses" name="test_filter_is_free" time="0.108" /><testcase classname="backend.tests.backend_test.TestCourses" name="test_search" time="0.098" /><testcase classname="backend.tests.backend_test.TestCourses" name="test_sort_rating" time="0.108" /><testcase classname="backend.tests.backend_test.TestCourses" name="test_course_detail_by_slug" time="0.243" /><testcase classname="backend.tests.backend_test.TestCourses" name="test_course_detail_with_auth" time="0.469" /><testcase classname="backend.tests.backend_test.TestCourseCRUD" name="test_create_as_educator" time="0.370" /><testcase classname="backend.tests.backend_test.TestCourseCRUD" name="test_update_own_course" time="0.398" /><testcase classname="backend.tests.backend_test.TestCourseCRUD" name="test_update_other_educator_forbidden" time="0.367" /><testcase classname="backend.tests.backend_test.TestCourseCRUD" name="test_publish_toggle" time="0.430" /><testcase classname="backend.tests.backend_test.TestCourseCRUD" name="test_student_cannot_create" time="0.429" /><testcase classname="backend.tests.backend_test.TestCourseCRUD" name="test_my_courses_educator" time="0.388" /><testcase classname="backend.tests.backend_test.TestCourseCRUD" name="test_my_courses_forbidden_for_student" time="0.366" /><testcase classname="backend.tests.backend_test.TestCourseCRUD" name="test_sections_lessons_crud" time="0.539" /><testcase classname="backend.tests.backend_test.TestCourseCRUD" name="test_delete_course_zzz" time="0.367" /><testcase classname="backend.tests.backend_test.TestEnrollments" name="test_enroll_in_seeded_course" time="0.579" /><testcase classname="backend.tests.backend_test.TestEnrollments" name="test_my_enrollments" time="0.398" /><testcase classname="backend.tests.backend_test.TestEnrollments" name="test_update_progress" time="0.369" /><testcase classname="backend.tests.backend_test.TestReviews" name="test_review_requires_enrollment" time="0.465" /><testcase classname="backend.tests.backend_test.TestReviews" name="test_create_review_after_enroll" time="0.371" /><testcase classname="backend.tests.backend_test.TestAdmin" name="test_admin_dashboard" time="0.379" /><testcase classname="backend.tests.backend_test.TestAdmin" name="test_admin_dashboard_forbidden_for_student" time="0.381" /><testcase classname="backend.tests.backend_test.TestAdmin" name="test_admin_users_list" time="0.372" /><testcase classname="backend.tests.backend_test.TestAdmin" name="test_admin_users_search" time="0.370" /><testcase classname="backend.tests.backend_test.TestAdmin" name="test_admin_change_role_and_toggle" time="0.462" /><testcase classname="backend.tests.backend_test.TestAdmin" name="test_admin_courses" time="0.432" /><testcase classname="backend.tests.backend_test.TestEducator" name="test_educator_dashboard" time="0.377" /><testcase classname="backend.tests.backend_test.TestEducator" name="test_educator_dashboard_forbidden_for_student" time="0.370" /></testsuite></testsuites>